<?xml version="1.0" encoding="UTF-8"?>
<!-- Generated by org.testng.reporters.JUnitReportReporter -->
<testsuite hostname="NHUTBM" name="com.beecow.testcase.HomePageScript" tests="20" failures="0" timestamp="16 May 2019 10:07:34 GMT" time="32.672" errors="0">
  <testcase name="testcase_05" time="3.418" classname="com.beecow.testcase.HomePageScript"/>
  <testcase name="testcase_18" time="0.337" classname="com.beecow.testcase.HomePageScript"/>
  <testcase name="testcase_01" time="13.794" classname="com.beecow.testcase.HomePageScript"/>
  <testcase name="testcase_12" time="0.405" classname="com.beecow.testcase.HomePageScript"/>
  <testcase name="testcase_07" time="0.446" classname="com.beecow.testcase.HomePageScript"/>
  <testcase name="testcase_02" time="1.035" classname="com.beecow.testcase.HomePageScript"/>
  <testcase name="testcase_17" time="0.300" classname="com.beecow.testcase.HomePageScript"/>
  <testcase name="testcase_13" time="0.279" classname="com.beecow.testcase.HomePageScript"/>
  <testcase name="testcase_08" time="0.371" classname="com.beecow.testcase.HomePageScript"/>
  <testcase name="testcase_04" time="2.428" classname="com.beecow.testcase.HomePageScript"/>
  <testcase name="testcase_09" time="0.401" classname="com.beecow.testcase.HomePageScript"/>
  <testcase name="testcase_15" time="0.563" classname="com.beecow.testcase.HomePageScript"/>
  <testcase name="testcase_19" time="1.730" classname="com.beecow.testcase.HomePageScript"/>
  <testcase name="testcase_03" time="1.053" classname="com.beecow.testcase.HomePageScript"/>
  <testcase name="testcase_20" time="3.029" classname="com.beecow.testcase.HomePageScript"/>
  <testcase name="testcase_16" time="0.311" classname="com.beecow.testcase.HomePageScript"/>
  <testcase name="testcase_14" time="0.536" classname="com.beecow.testcase.HomePageScript"/>
  <testcase name="testcase_11" time="0.571" classname="com.beecow.testcase.HomePageScript"/>
  <testcase name="testcase_06" time="1.295" classname="com.beecow.testcase.HomePageScript"/>
  <testcase name="testcase_10" time="0.370" classname="com.beecow.testcase.HomePageScript"/>
</testsuite> <!-- com.beecow.testcase.HomePageScript -->
