<?xml version="1.0" encoding="UTF-8"?>
<!-- Generated by org.testng.reporters.JUnitReportReporter -->
<testsuite hostname="NHUTBM" name="com.beecow.testcase.LogInScript" tests="7" failures="0" timestamp="20 Apr 2019 08:55:33 GMT" time="11.394" errors="0">
  <testcase name="testcase_01" time="2.949" classname="com.beecow.testcase.LogInScript"/>
  <testcase name="testcase_04" time="0.309" classname="com.beecow.testcase.LogInScript"/>
  <testcase name="testcase_03" time="0.298" classname="com.beecow.testcase.LogInScript"/>
  <testcase name="testcase_05" time="0.332" classname="com.beecow.testcase.LogInScript"/>
  <testcase name="testcase_06" time="1.125" classname="com.beecow.testcase.LogInScript"/>
  <testcase name="testcase_07" time="6.038" classname="com.beecow.testcase.LogInScript"/>
  <testcase name="testcase_02" time="0.343" classname="com.beecow.testcase.LogInScript"/>
</testsuite> <!-- com.beecow.testcase.LogInScript -->
